<?xml version="1.0" encoding="UTF-8"?>
<!-- Generated by org.testng.reporters.JUnitXMLReporter -->
<testsuite ignored="0" hostname="DESKTOP-G415TB4" failures="1" tests="13" name="Default test" time="320.256" errors="0" timestamp="2021-09-27T09:53:09 IST">
  <testcase classname="com.urban.runner.TestRunner" name="Homepage" time="9.302"/>
  <testcase classname="com.urban.runner.TestRunner" name="Compare_products" time="13.86"/>
  <testcase classname="com.urban.runner.TestRunner" name="Add_cart" time="18.939"/>
  <testcase classname="com.urban.runner.TestRunner" name="Add_cart" time="16.88"/>
  <testcase classname="com.urban.runner.TestRunner" name="search_and_verify" time="8.404"/>
  <testcase classname="com.urban.runner.TestRunner" name="search_and_verify" time="9.347"/>
  <testcase classname="com.urban.runner.TestRunner" name="search_and_verify" time="11.274"/>
  <testcase classname="com.urban.runner.TestRunner" name="Counting" time="10.379"/>
  <testcase classname="com.urban.runner.TestRunner" name="Wishlist_product" time="42.749">
    <failure type="java.lang.AssertionError" message="expected [true] but found [false]">
      <![CDATA[java.lang.AssertionError: expected [true] but found [false]
at org.testng.Assert.fail(Assert.java:99)
at org.testng.Assert.failNotEquals(Assert.java:1037)
at org.testng.Assert.assertTrue(Assert.java:45)
at org.testng.Assert.assertTrue(Assert.java:55)
at com.urban.runner.TestRunner.Wishlist_product(TestRunner.java:193)
at java.base/jdk.internal.reflect.NativeMethodAccessorImpl.invoke0(Native Method)
at java.base/jdk.internal.reflect.NativeMethodAccessorImpl.invoke(NativeMethodAccessorImpl.java:78)
at java.base/jdk.internal.reflect.DelegatingMethodAccessorImpl.invoke(DelegatingMethodAccessorImpl.java:43)
at java.base/java.lang.reflect.Method.invoke(Method.java:567)
at org.testng.internal.MethodInvocationHelper.invokeMethod(MethodInvocationHelper.java:133)
at org.testng.internal.TestInvoker.invokeMethod(TestInvoker.java:598)
at org.testng.internal.TestInvoker.invokeTestMethod(TestInvoker.java:173)
at org.testng.internal.MethodRunner.runInSequence(MethodRunner.java:46)
at org.testng.internal.TestInvoker$MethodInvocationAgent.invoke(TestInvoker.java:824)
at org.testng.internal.TestInvoker.invokeTestMethods(TestInvoker.java:146)
at org.testng.internal.TestMethodWorker.invokeTestMethods(TestMethodWorker.java:146)
at org.testng.internal.TestMethodWorker.run(TestMethodWorker.java:128)
at java.base/java.util.ArrayList.forEach(ArrayList.java:1511)
at org.testng.TestRunner.privateRun(TestRunner.java:794)
at org.testng.TestRunner.run(TestRunner.java:596)
at org.testng.SuiteRunner.runTest(SuiteRunner.java:377)
at org.testng.SuiteRunner.runSequentially(SuiteRunner.java:371)
at org.testng.SuiteRunner.privateRun(SuiteRunner.java:332)
at org.testng.SuiteRunner.run(SuiteRunner.java:276)
at org.testng.SuiteRunnerWorker.runSuite(SuiteRunnerWorker.java:53)
at org.testng.SuiteRunnerWorker.run(SuiteRunnerWorker.java:96)
at org.testng.TestNG.runSuitesSequentially(TestNG.java:1212)
at org.testng.TestNG.runSuitesLocally(TestNG.java:1134)
at org.testng.TestNG.runSuites(TestNG.java:1063)
at org.testng.TestNG.run(TestNG.java:1031)
at org.testng.remote.AbstractRemoteTestNG.run(AbstractRemoteTestNG.java:115)
at org.testng.remote.RemoteTestNG.initAndRun(RemoteTestNG.java:251)
at org.testng.remote.RemoteTestNG.main(RemoteTestNG.java:77)
]]>
    </failure>
  </testcase> <!-- Wishlist_product -->
  <testcase classname="com.urban.runner.TestRunner" name="ReturningHome" time="18.727"/>
  <testcase classname="com.urban.runner.TestRunner" name="Printprice" time="12.998"/>
  <testcase classname="com.urban.runner.TestRunner" name="Mapverification" time="28.543"/>
  <testcase classname="com.urban.runner.TestRunner" name="playstoreVerification" time="15.182"/>
</testsuite> <!-- Default test -->
